<?xml version="1.0" encoding="UTF-8"?>
<!-- Generated by org.testng.reporters.JUnitReportReporter -->
<testsuite skipped="0" hostname="Mds-MBP-2" name="apitest.PeopleResourcesTest" tests="1" failures="0" timestamp="2021-09-07T20:59:55 EDT" time="3.215" errors="0">
  <testcase name="getPeople" time="3.215" classname="apitest.PeopleResourcesTest"/>
</testsuite> <!-- apitest.PeopleResourcesTest -->
